2025-10-05 16:01:19, MOVE, v:1, k:enxugar, mode:PICK
2025-10-05 16:01:21, EXEC, v:1, k:enxugar, mode:FULL, rate:0, size:48
2025-10-05 16:01:25, EXEC, v:1, k:enxugar, mode:FULL, rate:0
2025-10-05 16:01:27, EXEC, v:1, k:enxugar, mode:FULL, rate:0
2025-10-05 16:02:13, EXEC, v:1, k:enxugar, mode:FULL, rate:0, size:48
2025-10-05 16:04:00, EXEC, v:1, k:enxugar, mode:FULL, rate:0
2025-10-05 16:04:49, EXEC, v:1, k:enxugar, mode:FULL, rate:0, size:44
2025-10-05 16:04:54, EXEC, v:1, k:enxugar, mode:FULL, rate:0
2025-10-05 16:04:55, EXEC, v:1, k:enxugar, mode:FULL, rate:0
2025-10-05 16:10:41, EXEC, v:1, k:enxugar, mode:FULL, rate:0, size:49
2025-10-05 16:10:58, EXEC, v:1, k:enxugar, mode:FULL, rate:0, size:49
2025-10-05 16:12:14, EXEC, v:1, k:enxugar, mode:FULL, rate:0
2025-10-05 16:12:16, EXEC, v:1, k:enxugar, mode:FULL, rate:0
2025-10-05 16:14:09, EXEC, v:1, k:enxugar, mode:FULL, rate:0, size:50
2025-10-05 16:14:41, EXEC, v:1, k:enxugar, mode:FULL, rate:0, size:50
2025-10-05 16:14:53, EXEC, v:1, k:enxugar, mode:FULL, rate:0
2025-10-05 16:14:56, EXEC, v:1, k:enxugar, mode:FULL, rate:0
2025-10-05 16:14:58, EXEC, v:1, k:enxugar, mode:FULL, rate:0
2025-10-05 16:15:01, EXEC, v:1, k:enxugar, mode:FULL, rate:0
2025-10-05 16:15:02, EXEC, v:1, k:enxugar, mode:FULL, rate:0
2025-10-05 16:15:03, EXEC, v:1, k:enxugar, mode:FULL, rate:0
2025-10-05 16:15:09, EXEC, v:1, k:enxugar, mode:FULL, rate:0
2025-10-05 16:17:47, EXEC, v:1, k:enxugar, mode:FULL, rate:0, size:50
2025-10-05 16:18:01, EXEC, v:1, k:enxugar, mode:FULL, rate:0, size:50
2025-10-05 16:19:22, EXEC, v:1, k:enxugar, mode:FULL, rate:0, size:48
2025-10-05 16:24:00, EXEC, v:1, k:enxugar, mode:FULL, rate:0, size:51
2025-10-05 16:25:40, EXEC, v:1, k:enxugar, mode:FULL, rate:0, size:51
2025-10-05 16:25:41, EXEC, v:1, k:enxugar, mode:FULL, rate:0
2025-10-05 16:25:42, EXEC, v:1, k:enxugar, mode:FULL, rate:0
2025-10-05 16:26:05, EXEC, v:1, k:enxugar, mode:FULL, rate:0
2025-10-05 16:26:06, EXEC, v:1, k:enxugar, mode:FULL, rate:0
2025-10-05 16:27:54, EXEC, v:1, k:enxugar, mode:FULL, rate:0
2025-10-05 16:33:16, EXEC, v:1, k:enxugar, mode:FULL, rate:0, size:52
2025-10-05 16:33:17, EXEC, v:1, k:enxugar, mode:FULL, rate:0
2025-10-05 16:39:17, EXEC, v:1, k:enxugar, mode:FULL, rate:0, size:54
2025-10-05 16:39:20, EXEC, v:1, k:enxugar, mode:FULL, rate:0
2025-10-05 16:43:15, EXEC, v:1, k:enxugar, mode:FULL, rate:0, size:64
2025-10-05 16:44:14, EXEC, v:1, k:enxugar, mode:FULL, rate:0, size:61
2025-10-05 16:44:31, EXEC, v:1, k:enxugar, mode:FULL, rate:0, size:59
2025-10-05 16:44:32, EXEC, v:1, k:enxugar, mode:FULL, rate:0
2025-10-05 16:44:33, EXEC, v:1, k:enxugar, mode:FULL, rate:0
2025-10-05 16:44:33, EXEC, v:1, k:enxugar, mode:FULL, rate:0
2025-10-05 16:44:33, EXEC, v:1, k:enxugar, mode:FULL, rate:0
2025-10-05 16:44:33, EXEC, v:1, k:enxugar, mode:FULL, rate:0
2025-10-05 16:44:33, EXEC, v:1, k:enxugar, mode:FULL, rate:0
2025-10-05 16:44:34, EXEC, v:1, k:enxugar, mode:FULL, rate:0
2025-10-05 16:44:34, EXEC, v:1, k:enxugar, mode:FULL, rate:0
2025-10-05 16:44:34, EXEC, v:1, k:enxugar, mode:FULL, rate:0
2025-10-05 16:44:34, EXEC, v:1, k:enxugar, mode:FULL, rate:0
2025-10-05 16:44:34, EXEC, v:1, k:enxugar, mode:FULL, rate:0
2025-10-05 16:44:35, EXEC, v:1, k:enxugar, mode:FULL, rate:0
2025-10-05 16:44:35, EXEC, v:1, k:enxugar, mode:FULL, rate:0
2025-10-05 16:51:42, EXEC, v:1, k:enxugar, mode:FULL, rate:0, size:60
2025-10-05 16:52:08, EXEC, v:1, k:enxugar, mode:FULL, rate:0, size:58
2025-10-05 16:55:58, EXEC, v:1, k:enxugar, mode:FULL, rate:0
2025-10-05 16:55:59, EXEC, v:1, k:enxugar, mode:FULL, rate:0
2025-10-05 16:55:59, EXEC, v:1, k:enxugar, mode:FULL, rate:0
2025-10-05 17:02:19, EXEC, v:1, k:enxugar, mode:FULL, rate:0, size:57
2025-10-05 17:07:29, EXEC, v:1, k:enxugar, mode:FULL, rate:0, size:57
2025-10-05 17:07:31, EXEC, v:1, k:enxugar, mode:FULL, rate:0
2025-10-05 17:07:31, EXEC, v:1, k:enxugar, mode:FULL, rate:0
2025-10-05 17:07:32, EXEC, v:1, k:enxugar, mode:FULL, rate:0
2025-10-05 17:07:34, EXEC, v:1, k:enxugar, mode:FULL, rate:0
2025-10-05 17:07:35, EXEC, v:1, k:enxugar, mode:FULL, rate:0
2025-10-05 17:10:53, EXEC, v:1, k:enxugar, mode:FULL, rate:0, size:50
2025-10-05 17:10:55, EXEC, v:1, k:enxugar, mode:FULL, rate:0
2025-10-05 17:12:31, EXEC, v:1, k:enxugar, mode:FULL, rate:0, size:51
2025-10-05 17:15:46, EXEC, v:1, k:enxugar, mode:FULL, rate:0
2025-10-05 17:15:48, EXEC, v:1, k:enxugar, mode:FULL, rate:0
2025-10-05 17:16:55, EXEC, v:1, k:enxugar, mode:FREE
2025-10-05 17:23:02, EXEC, v:1, k:enxugar, mode:FULL, rate:0, size:52
2025-10-05 17:29:52, EXEC, v:1, k:enxugar, mode:FULL, rate:0, size:59
2025-10-05 17:29:54, EXEC, v:1, k:enxugar, mode:FULL, rate:0
2025-10-05 17:29:54, EXEC, v:1, k:enxugar, mode:FULL, rate:0
2025-10-05 17:29:55, EXEC, v:1, k:enxugar, mode:FULL, rate:0
2025-10-05 17:29:55, EXEC, v:1, k:enxugar, mode:FULL, rate:0
2025-10-05 17:29:56, EXEC, v:1, k:enxugar, mode:FULL, rate:0
2025-10-05 17:29:57, EXEC, v:1, k:enxugar, mode:FULL, rate:0
2025-10-05 17:29:57, EXEC, v:1, k:enxugar, mode:FULL, rate:0
2025-10-05 17:29:58, EXEC, v:1, k:enxugar, mode:FULL, rate:0
2025-10-05 17:29:58, EXEC, v:1, k:enxugar, mode:FULL, rate:0
2025-10-05 17:29:59, EXEC, v:1, k:enxugar, mode:FULL, rate:0
2025-10-05 17:30:00, EXEC, v:1, k:enxugar, mode:FULL, rate:0
2025-10-05 17:30:00, EXEC, v:1, k:enxugar, mode:FULL, rate:0
2025-10-05 17:30:01, EXEC, v:1, k:enxugar, mode:FULL, rate:0
2025-10-05 17:30:01, EXEC, v:1, k:enxugar, mode:FULL, rate:0
2025-10-05 17:30:02, EXEC, v:1, k:enxugar, mode:FULL, rate:0
2025-10-05 17:30:03, EXEC, v:1, k:enxugar, mode:FULL, rate:0
2025-10-05 17:30:03, EXEC, v:1, k:enxugar, mode:FULL, rate:0
2025-10-05 17:30:04, EXEC, v:1, k:enxugar, mode:FULL, rate:0
2025-10-05 17:30:04, EXEC, v:1, k:enxugar, mode:FULL, rate:0
2025-10-05 17:30:05, EXEC, v:1, k:enxugar, mode:FULL, rate:0
2025-10-05 17:30:05, EXEC, v:1, k:enxugar, mode:FULL, rate:0
2025-10-05 17:30:06, EXEC, v:1, k:enxugar, mode:FULL, rate:0
2025-10-05 17:30:06, EXEC, v:1, k:enxugar, mode:FULL, rate:0
2025-10-05 17:30:07, EXEC, v:1, k:enxugar, mode:FULL, rate:0
2025-10-05 17:30:07, EXEC, v:1, k:enxugar, mode:FULL, rate:0
2025-10-05 17:30:08, EXEC, v:1, k:enxugar, mode:FULL, rate:0
2025-10-05 17:30:08, EXEC, v:1, k:enxugar, mode:FULL, rate:0
2025-10-05 17:30:08, EXEC, v:1, k:enxugar, mode:FULL, rate:0
2025-10-05 17:30:09, EXEC, v:1, k:enxugar, mode:FULL, rate:0
2025-10-05 17:30:09, EXEC, v:1, k:enxugar, mode:FULL, rate:0
2025-10-05 17:30:10, EXEC, v:1, k:enxugar, mode:FULL, rate:0
2025-10-05 17:30:10, EXEC, v:1, k:enxugar, mode:FULL, rate:0
2025-10-05 17:30:11, EXEC, v:1, k:enxugar, mode:FULL, rate:0
2025-10-05 17:30:11, EXEC, v:1, k:enxugar, mode:FULL, rate:0
2025-10-05 17:30:12, EXEC, v:1, k:enxugar, mode:FULL, rate:0
2025-10-05 17:30:12, EXEC, v:1, k:enxugar, mode:FULL, rate:0
2025-10-05 17:30:13, EXEC, v:1, k:enxugar, mode:FULL, rate:0
2025-10-05 17:30:13, EXEC, v:1, k:enxugar, mode:FULL, rate:0
2025-10-05 17:30:14, EXEC, v:1, k:enxugar, mode:FULL, rate:0
2025-10-05 17:30:14, EXEC, v:1, k:enxugar, mode:FULL, rate:0
2025-10-05 17:30:15, EXEC, v:1, k:enxugar, mode:FULL, rate:0
2025-10-05 17:30:15, EXEC, v:1, k:enxugar, mode:FULL, rate:0
2025-10-05 17:30:16, EXEC, v:1, k:enxugar, mode:FULL, rate:0
2025-10-05 17:30:16, EXEC, v:1, k:enxugar, mode:FULL, rate:0
2025-10-05 17:30:17, EXEC, v:1, k:enxugar, mode:FULL, rate:0
2025-10-05 17:30:17, EXEC, v:1, k:enxugar, mode:FULL, rate:0
2025-10-05 17:30:18, EXEC, v:1, k:enxugar, mode:FULL, rate:0
2025-10-05 17:30:18, EXEC, v:1, k:enxugar, mode:FULL, rate:0
2025-10-05 17:30:18, EXEC, v:1, k:enxugar, mode:FULL, rate:0
2025-10-05 17:30:19, EXEC, v:1, k:enxugar, mode:FULL, rate:0
2025-10-05 17:30:19, MOVE, v:1, k:enxugar, mode:BACK
2025-10-05 17:30:19, MOVE, v:1, k:enxugar, mode:PICK
2025-10-05 17:30:19, EXEC, v:1, k:enxugar, mode:FULL, rate:0
2025-10-05 17:30:19, MOVE, v:1, k:enxugar, mode:BACK
2025-10-05 17:40:27, MOVE, v:1, k:animal, mode:PICK
2025-10-05 17:40:32, EXEC, v:1, k:animal, mode:FULL, rate:0, size:50
2025-10-05 17:41:07, EXEC, v:1, k:animal, mode:FULL, rate:0
2025-10-05 17:42:37, EXEC, v:1, k:animal, mode:FULL, rate:0, size:50
2025-10-05 17:43:02, MOVE, v:1, k:animal, mode:BACK
2025-10-05 17:43:07, MOVE, v:1, k:carro, mode:PICK
2025-10-05 17:43:09, EXEC, v:1, k:carro, mode:FULL, rate:0
2025-10-05 18:10:17, EXEC, v:1, k:carro, mode:FULL, rate:0, size:76
2025-10-05 18:16:32, MOVE, v:1, k:carro, mode:PICK
2025-10-05 18:24:23, MOVE, v:1, k:carro, mode:PICK
2025-10-05 18:24:26, EXEC, v:1, k:carro, mode:FULL, rate:0, size:72
2025-10-05 18:26:14, EXEC, v:1, k:carro, mode:FULL, rate:0, size:72
2025-10-05 18:26:55, EXEC, v:1, k:carro, mode:FULL, rate:0, size:72
2025-10-05 18:27:14, EXEC, v:1, k:carro, mode:FULL, rate:0, size:72
2025-10-05 18:32:52, EXEC, v:1, k:carro, mode:FULL, rate:0, size:72
2025-10-05 19:44:05, MOVE, v:1, k:enxugar, mode:PICK
2025-10-05 19:44:06, EXEC, v:1, k:enxugar, mode:FULL, rate:0, size:59
2025-10-05 19:46:47, EXEC, v:1, k:enxugar, mode:FULL, rate:100, size:56
2025-10-05 19:47:39, EXEC, v:1, k:enxugar, mode:FULL, rate:100
2025-10-05 19:47:43, MOVE, v:1, k:enxugar, mode:BACK
2025-10-05 19:47:52, MOVE, v:1, k:animal, mode:PICK
2025-10-05 19:47:53, EXEC, v:1, k:animal, mode:FULL, rate:0
2025-10-05 19:59:01, EXEC, v:1, k:animal, mode:FULL, rate:0, size:52
2025-10-05 19:59:34, EXEC, v:1, k:animal, mode:FULL, rate:0, size:52
2025-10-05 20:00:13, EXEC, v:1, k:animal, mode:FULL, rate:0, size:49
2025-10-05 20:05:53, EXEC, v:1, k:animal, mode:FULL, rate:0
2025-10-05 20:16:12, MOVE, v:1, k:animal, mode:BACK
2025-10-05 20:16:16, MOVE, v:1, k:calculadora, mode:PICK
2025-10-05 20:16:17, EXEC, v:1, k:calculadora, mode:FULL, rate:0, size:35
2025-10-05 20:21:44, EXEC, v:1, k:calculadora, mode:FULL, rate:0, size:34
2025-10-05 20:21:54, MOVE, v:1, k:calculadora, mode:BACK
2025-10-05 20:21:57, MOVE, v:1, k:animal, mode:PICK
2025-10-05 20:21:58, EXEC, v:1, k:animal, mode:FULL, rate:0
2025-10-05 20:43:49, EXEC, v:1, k:animal, mode:FULL, rate:0, size:51
2025-10-05 20:43:50, EXEC, v:1, k:animal, mode:FULL, rate:0
2025-10-05 20:43:50, EXEC, v:1, k:animal, mode:FULL, rate:0
2025-10-05 20:43:51, EXEC, v:1, k:animal, mode:FULL, rate:0
2025-10-05 20:43:51, EXEC, v:1, k:animal, mode:FULL, rate:0
2025-10-05 20:43:51, EXEC, v:1, k:animal, mode:FULL, rate:0
2025-10-05 20:44:49, EXEC, v:1, k:animal, mode:FULL, rate:0, size:51
2025-10-05 20:47:38, EXEC, v:1, k:animal, mode:FULL, rate:0, size:53
2025-10-05 20:47:38, EXEC, v:1, k:animal, mode:FULL, rate:0, size:53
2025-10-05 20:47:39, EXEC, v:1, k:animal, mode:FULL, rate:0, size:53
2025-10-05 20:47:39, EXEC, v:1, k:animal, mode:FULL, rate:0, size:53
2025-10-05 20:47:39, EXEC, v:1, k:animal, mode:FULL, rate:0, size:53
2025-10-05 20:48:13, EXEC, v:1, k:animal, mode:FULL, rate:0, size:54
2025-10-05 20:54:25, MOVE, v:1, k:animal, mode:BACK
2025-10-05 20:54:28, MOVE, v:1, k:enxugar, mode:PICK
2025-10-05 20:54:31, EXEC, v:1, k:enxugar, mode:FULL, rate:100
2025-10-05 20:54:33, MOVE, v:1, k:enxugar, mode:BACK
2025-10-05 20:58:42, SELF, v:1, k:enxugar, rate:100, human:sim__amigo, iagen:sim_pedi_pra_corrijir_meus_erros, alone:9, study:600
2025-10-05 21:02:26, MOVE, v:1, k:animal, mode:PICK
2025-10-05 21:02:26, EXEC, v:1, k:animal, mode:FULL, rate:0
2025-10-05 21:02:27, EXEC, v:1, k:animal, mode:FULL, rate:0
2025-10-05 21:02:58, EXEC, v:1, k:animal, mode:FULL, rate:0, size:53
2025-10-05 21:02:58, EXEC, v:1, k:animal, mode:FULL, rate:0, size:53
2025-10-05 21:02:58, EXEC, v:1, k:animal, mode:FULL, rate:0, size:53
2025-10-05 21:02:58, EXEC, v:1, k:animal, mode:FULL, rate:0, size:53
2025-10-05 21:02:59, EXEC, v:1, k:animal, mode:FULL, rate:0, size:53
2025-10-05 21:02:59, EXEC, v:1, k:animal, mode:FULL, rate:0, size:53
2025-10-05 21:03:00, EXEC, v:1, k:animal, mode:FULL, rate:0, size:53
2025-10-05 21:03:35, EXEC, v:1, k:animal, mode:FULL, rate:0, size:54
2025-10-05 21:03:36, EXEC, v:1, k:animal, mode:FULL, rate:0
2025-10-05 21:03:36, EXEC, v:1, k:animal, mode:FULL, rate:0
2025-10-05 21:03:37, EXEC, v:1, k:animal, mode:FULL, rate:0
2025-10-05 21:03:37, EXEC, v:1, k:animal, mode:FULL, rate:0
2025-10-05 21:03:37, EXEC, v:1, k:animal, mode:FULL, rate:0
2025-10-05 21:12:04, EXEC, v:1, k:animal, mode:FULL, rate:0, size:56
2025-10-05 21:12:05, EXEC, v:1, k:animal, mode:FULL, rate:0
2025-10-05 21:12:06, EXEC, v:1, k:animal, mode:FULL, rate:0
2025-10-05 21:12:06, EXEC, v:1, k:animal, mode:FULL, rate:0
2025-10-05 21:12:07, EXEC, v:1, k:animal, mode:FULL, rate:0
2025-10-05 21:13:35, EXEC, v:1, k:animal, mode:FULL, rate:0
2025-10-05 21:17:31, EXEC, v:1, k:animal, mode:FULL, rate:0, size:51
2025-10-05 21:38:49, EXEC, v:1, k:animal, mode:FULL, rate:0, size:55
2025-10-05 21:38:50, EXEC, v:1, k:animal, mode:FULL, rate:0, size:55
2025-10-05 21:38:51, EXEC, v:1, k:animal, mode:FULL, rate:0, size:55
2025-10-05 21:38:53, EXEC, v:1, k:animal, mode:FULL, rate:0
2025-10-05 21:38:55, EXEC, v:1, k:animal, mode:FULL, rate:0
2025-10-05 21:38:56, EXEC, v:1, k:animal, mode:FULL, rate:0
2025-10-05 21:38:56, EXEC, v:1, k:animal, mode:FULL, rate:0
2025-10-05 21:39:12, EXEC, v:1, k:animal, mode:FULL, rate:0
2025-10-05 21:40:34, EXEC, v:1, k:animal, mode:FULL, rate:0, size:56
2025-10-05 21:41:16, EXEC, v:1, k:animal, mode:FULL, rate:0, size:56
2025-10-05 21:41:17, EXEC, v:1, k:animal, mode:FULL, rate:0
2025-10-05 21:41:18, EXEC, v:1, k:animal, mode:FULL, rate:0
2025-10-05 21:41:22, EXEC, v:1, k:animal, mode:FULL, rate:0
2025-10-05 21:41:22, EXEC, v:1, k:animal, mode:FULL, rate:0
2025-10-05 21:42:19, EXEC, v:1, k:animal, mode:FULL, rate:0
2025-10-05 21:42:20, EXEC, v:1, k:animal, mode:FULL, rate:0
2025-10-05 21:42:20, EXEC, v:1, k:animal, mode:FULL, rate:0
2025-10-05 21:42:20, EXEC, v:1, k:animal, mode:FULL, rate:0
2025-10-05 21:50:54, EXEC, v:1, k:animal, mode:FULL, rate:0, size:56
2025-10-05 21:51:05, EXEC, v:1, k:animal, mode:FULL, rate:0
2025-10-05 21:51:05, EXEC, v:1, k:animal, mode:FULL, rate:0
2025-10-05 22:00:16, EXEC, v:1, k:animal, mode:FULL, rate:0, size:56
2025-10-05 22:00:28, EXEC, v:1, k:animal, mode:FULL, rate:0
2025-10-05 22:00:28, EXEC, v:1, k:animal, mode:FULL, rate:0
2025-10-05 22:01:51, EXEC, v:1, k:animal, mode:FULL, rate:25, size:56
2025-10-05 22:01:52, EXEC, v:1, k:animal, mode:FULL, rate:25
2025-10-05 22:03:47, EXEC, v:1, k:animal, mode:FULL, rate:25
2025-10-05 22:03:48, EXEC, v:1, k:animal, mode:FULL, rate:25
2025-10-05 22:03:49, EXEC, v:1, k:animal, mode:FULL, rate:25
2025-10-05 22:03:50, EXEC, v:1, k:animal, mode:FULL, rate:25
2025-10-05 22:08:03, EXEC, v:1, k:animal, mode:FULL, rate:25
2025-10-05 22:08:04, EXEC, v:1, k:animal, mode:FULL, rate:25
2025-10-05 22:10:22, EXEC, v:1, k:animal, mode:FULL, rate:25
2025-10-05 22:14:37, EXEC, v:1, k:animal, mode:FULL, rate:25, size:56
2025-10-05 22:15:51, EXEC, v:1, k:animal, mode:FULL, rate:100, size:56
2025-10-05 22:17:49, EXEC, v:1, k:animal, mode:FULL, rate:100
2025-10-05 22:17:55, MOVE, v:1, k:animal, mode:BACK
2025-10-05 22:24:26, SELF, v:1, k:animal, rate:100, human:sim_amigo, iagen:sim_pra_corrijir, alone:8, study:500
2025-10-05 22:24:54, MOVE, v:1, k:carro, mode:PICK
2025-10-05 22:24:55, EXEC, v:1, k:carro, mode:FULL, rate:0
2025-10-05 22:25:52, EXEC, v:1, k:carro, mode:FULL, rate:0, size:72
2025-10-05 22:26:36, EXEC, v:1, k:carro, mode:FULL, rate:70, size:72
2025-10-05 22:34:29, EXEC, v:1, k:carro, mode:FULL, rate:70, size:73
2025-10-05 22:34:30, EXEC, v:1, k:carro, mode:FULL, rate:70
2025-10-05 22:34:31, EXEC, v:1, k:carro, mode:FULL, rate:70
2025-10-05 22:37:57, EXEC, v:1, k:carro, mode:FULL, rate:70, size:73
2025-10-05 22:42:59, EXEC, v:1, k:carro, mode:FULL, rate:70, size:73
2025-10-05 22:43:47, EXEC, v:1, k:carro, mode:FULL, rate:70
2025-10-05 22:43:49, EXEC, v:1, k:carro, mode:FULL, rate:70
2025-10-05 22:47:41, EXEC, v:1, k:carro, mode:FULL, rate:100, size:73
2025-10-05 22:47:41, EXEC, v:1, k:carro, mode:FULL, rate:100, size:73
2025-10-05 22:47:54, MOVE, v:1, k:carro, mode:BACK
2025-10-05 22:47:59, MOVE, v:1, k:carro, mode:PICK
2025-10-05 22:48:03, MOVE, v:1, k:carro, mode:BACK
2025-10-05 22:48:05, MOVE, v:1, k:carro, mode:PICK
2025-10-05 22:48:06, EXEC, v:1, k:carro, mode:FULL, rate:100, size:73
2025-10-05 22:48:08, MOVE, v:1, k:carro, mode:BACK
2025-10-05 22:50:02, SELF, v:1, k:carro, rate:100, iagen:sim_no_drive_e_pra_corrigir_meus_erros, alone:7, study:600
2025-10-05 22:50:28, MOVE, v:1, k:calculadora, mode:PICK
2025-10-05 22:50:29, EXEC, v:1, k:calculadora, mode:FULL, rate:0, size:35
2025-10-05 23:00:54, EXEC, v:1, k:calculadora, mode:FULL, rate:0, size:41
2025-10-05 23:11:36, EXEC, v:1, k:calculadora, mode:FULL, rate:0, size:49
2025-10-05 23:18:27, EXEC, v:1, k:calculadora, mode:FULL, rate:0, size:55
2025-10-05 23:23:09, EXEC, v:1, k:calculadora, mode:FULL, rate:0, size:55
2025-10-05 23:28:56, EXEC, v:1, k:calculadora, mode:FULL, rate:0, size:56
2025-10-05 23:38:30, EXEC, v:1, k:calculadora, mode:FULL, rate:0, size:63
2025-10-05 23:42:15, EXEC, v:1, k:calculadora, mode:FULL, rate:0, size:65
2025-10-05 23:42:16, EXEC, v:1, k:calculadora, mode:FULL, rate:0
2025-10-05 23:42:16, EXEC, v:1, k:calculadora, mode:FULL, rate:0
2025-10-05 23:42:16, EXEC, v:1, k:calculadora, mode:FULL, rate:0
2025-10-05 23:42:17, EXEC, v:1, k:calculadora, mode:FULL, rate:0
2025-10-05 23:42:17, EXEC, v:1, k:calculadora, mode:FULL, rate:0
2025-10-05 23:42:17, EXEC, v:1, k:calculadora, mode:FULL, rate:0
2025-10-05 23:42:18, EXEC, v:1, k:calculadora, mode:FULL, rate:0
2025-10-05 23:43:35, MOVE, v:1, k:calculadora, mode:BACK
2025-10-05 23:43:55, MOVE, v:1, k:calculadora, mode:PICK
2025-10-05 23:43:56, EXEC, v:1, k:calculadora, mode:FULL, rate:0, size:60
2025-10-05 23:44:30, MOVE, v:1, k:calculadora, mode:BACK
2025-10-05 23:45:41, MOVE, v:1, k:calculadora, mode:PICK
2025-10-05 23:46:58, SELF, v:1, k:calculadora, iagen:sim, alone:7, study:400
