2025-09-27 17:58:10, MOVE, v:1, k:animal, mode:PICK
2025-09-27 17:58:13, EXEC, v:1, k:animal, mode:FREE
2025-09-27 17:58:32, EXEC, v:1, k:animal, mode:FULL, rate:0
2025-09-27 18:38:47, EXEC, v:1, k:animal, mode:FULL, rate:0, size:16
2025-09-27 18:39:06, EXEC, v:1, k:animal, mode:FREE
2025-09-27 18:43:07, EXEC, v:1, k:animal, mode:FULL, rate:0, size:18
2025-09-27 18:43:08, EXEC, v:1, k:animal, mode:FULL, rate:0
2025-09-27 18:43:09, EXEC, v:1, k:animal, mode:FULL, rate:0
2025-09-27 18:43:13, EXEC, v:1, k:animal, mode:FREE
2025-09-27 18:44:32, MOVE, v:1, k:animal, mode:BACK
2025-09-27 18:54:29, MOVE, v:1, k:animal, mode:PICK
2025-09-27 18:54:31, EXEC, v:1, k:animal, mode:FREE, size:22
2025-09-27 18:54:42, EXEC, v:1, k:animal, mode:FULL, rate:0
2025-09-27 18:56:13, EXEC, v:1, k:animal, mode:FULL, rate:0, size:22
2025-09-27 18:56:20, EXEC, v:1, k:animal, mode:FULL, rate:0
2025-09-27 19:06:10, EXEC, v:1, k:animal, mode:FULL, rate:0, size:31
2025-09-27 19:06:16, EXEC, v:1, k:animal, mode:FULL, rate:0
2025-09-27 19:06:16, EXEC, v:1, k:animal, mode:FULL, rate:0
2025-09-27 19:06:16, EXEC, v:1, k:animal, mode:FULL, rate:0
2025-09-27 19:09:53, EXEC, v:1, k:animal, mode:FULL, rate:0
2025-09-27 19:09:54, EXEC, v:1, k:animal, mode:FULL, rate:0
2025-09-27 19:41:50, EXEC, v:1, k:animal, mode:FULL, rate:0, size:31
2025-09-27 19:42:41, EXEC, v:1, k:animal, mode:FREE
2025-09-27 20:01:09, EXEC, v:1, k:animal, mode:FULL, rate:0, size:37
2025-09-27 20:01:12, EXEC, v:1, k:animal, mode:FULL, rate:0
2025-09-27 20:01:13, EXEC, v:1, k:animal, mode:FREE
2025-09-27 20:25:56, MOVE, v:1, k:animal, mode:PICK
2025-09-27 20:25:56, EXEC, v:1, k:animal, mode:FULL, rate:0, size:44
2025-09-27 20:25:56, EXEC, v:1, k:animal, mode:FULL, rate:0, size:44
2025-09-27 20:28:21, EXEC, v:1, k:animal, mode:FULL, rate:0, size:44
2025-09-27 20:30:33, EXEC, v:1, k:animal, mode:FULL, rate:0, size:44
2025-09-27 20:30:39, EXEC, v:1, k:animal, mode:FREE
2025-09-27 21:17:43, EXEC, v:1, k:animal, mode:FULL, rate:0, size:43
2025-09-27 21:17:54, EXEC, v:1, k:animal, mode:FULL, rate:0
2025-09-27 21:18:21, EXEC, v:1, k:animal, mode:FULL, rate:0
2025-09-27 21:18:29, EXEC, v:1, k:animal, mode:FULL, rate:0
2025-09-27 21:19:48, EXEC, v:1, k:animal, mode:FULL, rate:0, size:42
2025-09-27 21:19:53, EXEC, v:1, k:animal, mode:FREE
